<?xml version="1.0" encoding="UTF-8"?>
<testng-results skipped="0" failed="0" ignored="0" total="1" passed="1">
  <reporter-output>
  </reporter-output>
  <suite name="Default suite" duration-ms="100" started-at="2018-06-19T10:20:40Z" finished-at="2018-06-19T10:20:40Z">
    <groups>
    </groups>
    <test name="Default test" duration-ms="100" started-at="2018-06-19T10:20:40Z" finished-at="2018-06-19T10:20:40Z">
      <class name="com.test.LoginTest">
        <test-method status="PASS" signature="setup()[pri:0, instance:com.test.LoginTest@1bce4f0a]" name="setup" is-config="true" duration-ms="35584" started-at="2018-06-19T15:50:04Z" finished-at="2018-06-19T15:50:40Z">
          <reporter-output>
          </reporter-output>
        </test-method> <!-- setup -->
        <test-method status="PASS" signature="login()[pri:0, instance:com.test.LoginTest@1bce4f0a]" name="login" duration-ms="41" started-at="2018-06-19T15:50:40Z" finished-at="2018-06-19T15:50:40Z">
          <reporter-output>
          </reporter-output>
        </test-method> <!-- login -->
        <test-method status="PASS" signature="close()[pri:0, instance:com.test.LoginTest@1bce4f0a]" name="close" is-config="true" duration-ms="860" started-at="2018-06-19T15:50:40Z" finished-at="2018-06-19T15:50:41Z">
          <reporter-output>
          </reporter-output>
        </test-method> <!-- close -->
      </class> <!-- com.test.LoginTest -->
    </test> <!-- Default test -->
  </suite> <!-- Default suite -->
</testng-results>
